2025-05-20 07:33:39.066 [info] Extension host with pid 1299 started
2025-05-20 07:33:39.075 [info] Lock '/home/laborant/.local/share/code-server/User/workspaceStorage/-412a1b9/vscode.lock': Lock acquired.
2025-05-20 07:33:39.210 [info] ExtensionService#_doActivateExtension vscode.emmet, startup: false, activationEvent: 'onLanguage'
2025-05-20 07:33:39.316 [info] ExtensionService#_doActivateExtension vscode.git-base, startup: true, activationEvent: '*', root cause: vscode.git
2025-05-20 07:33:39.382 [info] ExtensionService#_doActivateExtension vscode.git, startup: true, activationEvent: '*'
2025-05-20 07:33:39.382 [info] ExtensionService#_doActivateExtension vscode.github, startup: true, activationEvent: '*'
2025-05-20 07:33:39.549 [info] Eager extensions activated
2025-05-20 07:33:39.549 [info] ExtensionService#_doActivateExtension vscode.debug-auto-launch, startup: false, activationEvent: 'onStartupFinished'
2025-05-20 07:33:39.549 [info] ExtensionService#_doActivateExtension vscode.merge-conflict, startup: false, activationEvent: 'onStartupFinished'
2025-05-20 07:33:39.735 [info] ExtensionService#_doActivateExtension vscode.github-authentication, startup: false, activationEvent: 'onAuthenticationRequest:github'
2025-05-20 07:37:00.928 [warning] [Decorations] CAPPING events from decorations provider vscode.git 1029
2025-05-20 07:37:00.968 [warning] [Decorations] CAPPING events from decorations provider vscode.git 1029
2025-05-20 07:37:07.631 [warning] [Decorations] CAPPING events from decorations provider vscode.git 1029
2025-05-20 07:37:12.278 [warning] [Decorations] CAPPING events from decorations provider vscode.git 1029
2025-05-20 07:37:12.674 [warning] [Decorations] CAPPING events from decorations provider vscode.git 1029
2025-05-20 07:37:17.706 [warning] [Decorations] CAPPING events from decorations provider vscode.git 1029
2025-05-20 07:37:20.948 [info] ExtensionService#_doActivateExtension vscode.npm, startup: false, activationEvent: 'onTerminalQuickFixRequest:ms-vscode.npm-command'
2025-05-20 07:37:23.335 [warning] [Decorations] CAPPING events from decorations provider vscode.git 1029
2025-05-20 07:37:28.361 [warning] [Decorations] CAPPING events from decorations provider vscode.git 1029
2025-05-20 07:37:32.540 [warning] [Decorations] CAPPING events from decorations provider vscode.git 1031
2025-05-20 07:37:37.344 [warning] [Decorations] CAPPING events from decorations provider vscode.git 1031
